<?xml version="1.0" encoding="UTF-8"?>
<!-- Generated by org.testng.reporters.JUnitReportReporter -->
<testsuite hostname="Muhindhar" failures="0" tests="4" name="com.runner.SearchRunner" time="25.376" errors="0" timestamp="2026-05-14T19:09:54 IST" skipped="0">
  <testcase classname="com.runner.SearchRunner" name="runScenario" time="4.752"/>
  <testcase classname="com.runner.SearchRunner" name="runScenario" time="4.374"/>
  <testcase classname="com.runner.SearchRunner" name="runScenario" time="6.441"/>
  <testcase classname="com.runner.SearchRunner" name="runScenario" time="9.809"/>
</testsuite> <!-- com.runner.SearchRunner -->
